releases/0_6_0/proguard/mapping.txt
net.oddsoftware.android.feedscribe.Globals -> net.oddsoftware.android.feedscribe.a:
    boolean TRACKING -> a
    java.lang.String[] ADMOB_TEST_DEVICES -> b
net.oddsoftware.android.feedscribe.data.Download -> net.oddsoftware.android.feedscribe.data.s:
    long mId -> a
    long mEnclosureId -> b
    java.lang.String mName -> c
    long mSize -> d
    long mDownloaded -> e
    boolean mInProgress -> f
    boolean mSuccess -> g
    boolean mEnqueued -> h
    boolean mPaused -> i
    boolean mCancelled -> j
net.oddsoftware.android.feedscribe.data.Downloader -> net.oddsoftware.android.feedscribe.data.f:
    android.content.Context mContext -> c
    java.util.concurrent.ExecutorService mThreadPool -> d
    java.lang.Thread mAwakeChecker -> e
    long mAwakeInterval -> a
    int mDownloadCount -> f
    net.oddsoftware.android.feedscribe.data.FeedManager mFeedManager -> b
    android.os.PowerManager$WakeLock mWakeLock -> g
    net.oddsoftware.android.feedscribe.data.Downloader mInstance -> h
    net.oddsoftware.android.feedscribe.data.Downloader getInstance(android.content.Context) -> a
    void processDownloads() -> a
    android.content.Context access$0(net.oddsoftware.android.feedscribe.data.Downloader) -> a
    org.apache.http.client.HttpClient access$1$7ba3f44f() -> b
    org.apache.http.client.methods.HttpUriRequest access$2$11d2340b(java.lang.String,long) -> a
    void access$3(net.oddsoftware.android.feedscribe.data.Downloader) -> b
net.oddsoftware.android.feedscribe.data.Downloader$1 -> net.oddsoftware.android.feedscribe.data.r:
    net.oddsoftware.android.feedscribe.data.Downloader this$0 -> a
    void run() -> run
net.oddsoftware.android.feedscribe.data.Downloader$DownloadThread -> net.oddsoftware.android.feedscribe.data.q:
    net.oddsoftware.android.feedscribe.data.Download mDownload -> a
    net.oddsoftware.android.feedscribe.data.Enclosure mEnclosure -> b
    net.oddsoftware.android.feedscribe.data.Downloader this$0 -> c
    void run() -> run
net.oddsoftware.android.feedscribe.data.Enclosure -> net.oddsoftware.android.feedscribe.data.o:
    long mId -> a
    long mItemId -> b
    java.lang.String mURL -> c
    long mLength -> d
    java.lang.String mContentType -> e
    java.lang.String mDownloadPath -> f
    long mDownloadTime -> g
    long mDuration -> h
    long mPosition -> i
net.oddsoftware.android.feedscribe.data.Feed -> net.oddsoftware.android.feedscribe.data.c:
    long mId -> a
    int mType -> b
    java.lang.String mName -> c
    java.lang.String mURL -> d
    java.lang.String mLink -> e
    java.lang.String mDescription -> f
    java.lang.String mImageURL -> g
    int compareTo(java.lang.Object) -> compareTo
net.oddsoftware.android.feedscribe.data.FeedConfig -> net.oddsoftware.android.feedscribe.data.k:
    net.oddsoftware.android.feedscribe.data.FeedConfig mInstance -> a
    android.content.SharedPreferences mSharedPreferences -> b
    net.oddsoftware.android.feedscribe.data.FeedConfig getInstance(android.content.Context) -> a
    int getPreviousPackageVersion(int) -> a
    boolean getTracking() -> a
    boolean syncTimeExpired() -> b
    long getSyncInterval() -> c
    long getInexactSyncInterval() -> d
    boolean getNotificationsEnabled() -> e
    void setPreviousPackageVersion(int) -> b
    boolean getShowZoomControls() -> f
    void syncComplete() -> g
    void clearNewItemCount() -> h
    void addNewItemCount(int) -> c
    int getNewItemCount() -> i
...
net.oddsoftware.android.html.HttpCacheProvider$DatabaseHelper -> net.oddsoftware.android.html.d:
    void onCreate(android.database.sqlite.SQLiteDatabase) -> onCreate
    void onUpgrade(android.database.sqlite.SQLiteDatabase,int,int) -> onUpgrade
net.oddsoftware.android.html.Textify -> net.oddsoftware.android.html.b:
    java.lang.String mTitle -> d
    java.lang.String mAuthor -> e
    java.lang.String mPubDate -> f
    java.util.HashMap mTagScores -> g
    java.util.HashMap mAllowedAttributes -> a
    java.util.HashSet mBlacklistTags -> b
    java.util.HashMap mConvertTags -> c
    java.util.regex.Pattern mUnlikelyCandidates -> h
    java.util.regex.Pattern mOkMaybeItsACandidates -> i
    java.util.regex.Pattern mDivToPElements -> j
    java.util.regex.Pattern mPositiveClassNames -> k
    java.util.regex.Pattern mNegativeClassNames -> l
    java.util.regex.Pattern mSentencePattern -> m
    org.htmlcleaner.HtmlCleaner mCleaner -> n
    org.htmlcleaner.TagNode mArticleRoot -> o
    boolean mProcessingEnabled -> p
    boolean mStripUnlikelyCandidates -> q
    int mBestScore -> r
    boolean mForcePageWidth -> s
    void setProcessingEnabled$1385ff() -> a
    void setStripUnlikelyCandidates$1385ff() -> b
    int getArticleScore() -> c
    void process(java.lang.String) -> a
    void process(java.io.InputStream) -> a
    void setTitle(java.lang.String) -> b
    void setAuthor(java.lang.String) -> c
    void setPubDate(java.lang.String) -> d
    java.lang.String getTitle() -> d
    double getLinkDensity(org.htmlcleaner.TagNode) -> a
    int countChars(java.lang.StringBuffer) -> a
    java.lang.String getArticleTitle(org.htmlcleaner.TagNode) -> b
    int getClassWeight(org.htmlcleaner.TagNode) -> c
net.oddsoftware.android.html.Textify$1 -> net.oddsoftware.android.html.g:
    net.oddsoftware.android.html.Textify this$0 -> a
    boolean visit$5d10ae56(org.htmlcleaner.HtmlNode) -> a
net.oddsoftware.android.html.Textify$2 -> net.oddsoftware.android.html.f:
    net.oddsoftware.android.html.Textify this$0 -> a
    java.util.ArrayList val$contentToTransform -> b
    java.util.ArrayList val$brsToRemove -> c
    boolean visit$5d10ae56(org.htmlcleaner.HtmlNode) -> a
net.oddsoftware.android.utils.MediaScan -> net.oddsoftware.android.utils.e:
    java.lang.String mName -> a
    java.lang.String mContentType -> b
    android.media.MediaScannerConnection mConnection -> c
    void ScanFile(android.content.Context,java.lang.String,java.lang.String) -> a
    void onMediaScannerConnected() -> onMediaScannerConnected
    void onScanCompleted(java.lang.String,android.net.Uri) -> onScanCompleted
net.oddsoftware.android.utils.Utilities -> net.oddsoftware.android.utils.c:
    java.text.DecimalFormat TWO_DECIMAL_PLACES -> a
    java.text.DateFormat mDateFormat -> b
    int parseDuration(java.lang.String) -> a
    java.lang.String formatDuration(int) -> a
    java.lang.String formatFileSize(long) -> a
    java.lang.String formatDate(java.util.Date) -> a
net.oddsoftware.android.utils.WakefulIntentService -> net.oddsoftware.android.utils.WakefulIntentService:
    android.os.PowerManager$WakeLock lockStatic -> b
    int mWakeTimeout -> a
    void doWakefulWork(android.content.Intent) -> a
    android.os.PowerManager$WakeLock getLock(android.content.Context) -> a
    void sendWakefulWork(android.content.Context,android.content.Intent) -> a
    void onStart(android.content.Intent,int) -> onStart
    void onHandleIntent(android.content.Intent) -> onHandleIntent
net.oddsoftware.android.utils.WorkerThread -> net.oddsoftware.android.utils.a:
    java.util.concurrent.LinkedBlockingQueue mBackgroundQueue -> a
    android.os.Handler mHandler -> b
    boolean mRunning -> c
    void run() -> run
    void addTask(net.oddsoftware.android.utils.WorkerThread$Task) -> a
    void kill() -> a