releases/0_6_0/proguard/usage.txt
net.oddsoftware.android.feedscribe.Globals:
    public static final int VERSION_CODE
    public static final int PREVIOUS_VERSION_CODE
    public static final boolean LOGGING
    public static final java.lang.String LOG_TAG
    public static final java.lang.String FLURRY_KEY
net.oddsoftware.android.feedscribe.R
net.oddsoftware.android.feedscribe.R$anim
net.oddsoftware.android.feedscribe.R$array
net.oddsoftware.android.feedscribe.R$attr
net.oddsoftware.android.feedscribe.R$color
net.oddsoftware.android.feedscribe.R$drawable
net.oddsoftware.android.feedscribe.R$id
net.oddsoftware.android.feedscribe.R$layout
net.oddsoftware.android.feedscribe.R$menu
net.oddsoftware.android.feedscribe.R$string
net.oddsoftware.android.feedscribe.R$style
net.oddsoftware.android.feedscribe.R$styleable
net.oddsoftware.android.feedscribe.R$xml
net.oddsoftware.android.feedscribe.data.Feed:
    public static final long DEFAULT_ID
    public static final int TYPE_NEWS
    public static final int TYPE_PODCAST
    public static final int TYPE_PHOTO
    public static final int TYPE_VIDEO
    public static final java.lang.String SCHEME_LOCAL
    public static final java.lang.String SCHEME_BOOKMARKS
net.oddsoftware.android.feedscribe.data.FeedConfig:
    private static final java.lang.String CONFIG_PREVIOUS_VERSION
    67:72:public long getKeepHours()
    162:167:public boolean getTextifyEnabled()
net.oddsoftware.android.feedscribe.data.FeedDBAdaptor:
    public static final java.lang.String KEY_FEED_ID
    public static final java.lang.String KEY_FEED_URL
    public static final java.lang.String KEY_FEED_LINK
    public static final java.lang.String KEY_FEED_NAME
    public static final java.lang.String KEY_FEED_TYPE
    public static final java.lang.String KEY_FEED_TITLE
    public static final java.lang.String KEY_FEED_DESCRIPTION
    public static final java.lang.String KEY_FEED_IMAGE_URL
    public static final java.lang.String KEY_LAST_HIT
    public static final java.lang.String KEY_TTL
    public static final java.lang.String KEY_ETAG
    public static final java.lang.String KEY_LAST_MODIFIED
    public static final java.lang.String KEY_LAST_URL
    public static final java.lang.String KEY_FEED_ITEM_ID
    public static final java.lang.String KEY_TITLE
    public static final java.lang.String KEY_LINK
    public static final java.lang.String KEY_DESCRIPTION
    public static final java.lang.String KEY_AUTHOR
    public static final java.lang.String KEY_ENCLOSURE
    public static final java.lang.String KEY_GUID
    public static final java.lang.String KEY_PUB_DATE
    public static final java.lang.String KEY_FLAGS
    public static final java.lang.String KEY_ORIGINAL_LINK
    public static final java.lang.String KEY_CLEAN_DESCRIPTION
    public static final java.lang.String KEY_CLEAN_TITLE
    public static final java.lang.String KEY_IMAGE_URL
net.oddsoftware.android.feedscribe.data.FeedDBAdaptor$DatabaseHelper:
    260:268:public void resetDB(android.database.sqlite.SQLiteDatabase)
net.oddsoftware.android.feedscribe.data.FeedItem:
    public static final int FLAG_DELETED
    public static final int FLAG_STARRED
    public static final int FLAG_READ
...
com.google.android.apps.analytics.AnalyticsParameterEncoder
com.google.android.apps.analytics.AnalyticsReceiver:
    private static final java.lang.String INSTALL_ACTION
com.google.android.apps.analytics.CustomVariable
com.google.android.apps.analytics.CustomVariableBuffer
com.google.android.apps.analytics.Dispatcher
com.google.android.apps.analytics.Dispatcher$Callbacks
com.google.android.apps.analytics.Event
com.google.android.apps.analytics.EventStore
com.google.android.apps.analytics.GoogleAnalyticsTracker
com.google.android.apps.analytics.GoogleAnalyticsTracker$1
com.google.android.apps.analytics.GoogleAnalyticsTracker$DispatcherCallbacks
com.google.android.apps.analytics.GoogleAnalyticsTracker$DispatcherCallbacks$1
com.google.android.apps.analytics.NetworkDispatcher
com.google.android.apps.analytics.NetworkDispatcher$1
com.google.android.apps.analytics.NetworkDispatcher$DispatcherThread
com.google.android.apps.analytics.NetworkDispatcher$DispatcherThread$AsyncDispatchTask
com.google.android.apps.analytics.NetworkDispatcher$DispatcherThread$RequesterCallbacks
com.google.android.apps.analytics.NetworkRequestUtil
com.google.android.apps.analytics.PersistentEventStore:
    private static final int MAX_EVENTS
    private static final java.lang.String STORE_ID
    private static final java.lang.String EVENT_ID
    private static final java.lang.String SCREEN_WIDTH
    private static final java.lang.String SCREEN_HEIGHT
    private static final java.lang.String VALUE
    private static final java.lang.String LABEL
    private static final java.lang.String ACTION
    private static final java.lang.String CATEGORY
    private static final java.lang.String VISITS
    private static final java.lang.String TIMESTAMP_CURRENT
    private static final java.lang.String TIMESTAMP_PREVIOUS
    private static final java.lang.String TIMESTAMP_FIRST
    private static final java.lang.String RANDOM_VAL
    private static final java.lang.String ACCOUNT_ID
    private static final java.lang.String USER_ID
    private static final java.lang.String REFERRER
    private static final java.lang.String CUSTOMVAR_ID
    private static final java.lang.String CUSTOMVAR_INDEX
    private static final java.lang.String CUSTOMVAR_NAME
    private static final java.lang.String CUSTOMVAR_VALUE
    private static final java.lang.String CUSTOMVAR_SCOPE
    private static final java.lang.String CUSTOM_VARIABLE_COLUMN_TYPE
    private static final java.lang.String DATABASE_NAME
    private static final int DATABASE_VERSION
    private int storeId
    private long timestampFirst
    private long timestampPrevious
com.google.android.apps.analytics.PersistentEventStore$DataBaseHelper:
    public PersistentEventStore$DataBaseHelper(android.content.Context,java.lang.String)
com.google.android.apps.analytics.PipelinedRequester
com.google.android.apps.analytics.PipelinedRequester$Callbacks
net.oddsoftware.android.html.CacheItem$CacheItems:
    public static final java.lang.String CONTENT_TYPE
    public static final java.lang.String ITEM_ID
    public static final java.lang.String URL
    public static final java.lang.String FILENAME
    public static final java.lang.String ETAG
    public static final java.lang.String LAST_MODIFIED
    public static final java.lang.String HIT_TIME
    public static final java.lang.String LAST_URL
    public static final java.lang.String EXPIRES_AT
net.oddsoftware.android.html.HttpCache:
    public static final int MAX_ETAG_LENGTH
    protected static final int DEFAULT_EXPIRES
    protected static final int MAX_CACHE_IDLE_TIME
    protected static final int MAX_CONTENT_LENGTH
    protected static final boolean ALWAYS_PREFER_CACHE
    368:379:private org.apache.http.client.methods.HttpUriRequest createHttpRequest(java.lang.String,long)